Building DAG of jobs...
Using shell: /usr/bin/bash
Provided cores: 8
Rules claiming more threads will be scaled down.
Select jobs to execute...

[Tue Jul  8 19:23:33 2025]
rule Preprocessing_01_py:
    input: /scratch/nsteen/T1D_preprocessing/processing/01_Preprocessing.py, /scratch/nsteen/T1D_preprocessing/processing/helper_functions.py
    output: /scratch/nsteen/processing/txt_output/01_Preprocessing.out
    jobid: 0
    reason: Forced execution
    threads: 8
    resources: mem_mb=120000, disk_mb=1000, tmpdir=/sctmp/nsteen, time=24:00:00

python /home/nsteen/scripts/T1D_analysis/.snakemake/scripts/tmpr0xvabw7.01_Preprocessing.py
Activating singularity image /home/nsteen/data/singularity/sandbox/
Traceback (most recent call last):
  File "/home/nsteen/scripts/T1D_analysis/.snakemake/scripts/tmpr0xvabw7.01_Preprocessing.py", line 172, in <module>
    assert Path.exists(panel_path), f"{panel_path} does not exist"
AssertionError: /home/processing/panel_Islet.csv does not exist
Not cleaning up /home/nsteen/scripts/T1D_analysis/.snakemake/scripts/tmpr0xvabw7.01_Preprocessing.py
[Tue Jul  8 19:27:54 2025]
Error in rule Preprocessing_01_py:
    jobid: 0
    output: /scratch/nsteen/processing/txt_output/01_Preprocessing.out

RuleException:
CalledProcessError in line 269 of /home/nsteen/scripts/T1D_analysis/workflow/Snakefile:
Command ' singularity  exec --home /home/nsteen/scripts/T1D_analysis --bind /home/nsteen/scripts/T1D_analysis:/home/nsteen/scripts/T1D_analysis,/scratch/nsteen/processing:/home/processing,/scratch/nsteen/T1D_preprocessing:/scratch/nsteen/T1D_preprocessing,/data/nsteen:/data/nsteen --bind /home/nsteen/data/conda/envs/snakemake_cluster/lib/python3.10/site-packages:/mnt/snakemake /home/nsteen/data/singularity/sandbox/ bash -c 'set -euo pipefail;  python /home/nsteen/scripts/T1D_analysis/.snakemake/scripts/tmpr0xvabw7.01_Preprocessing.py'' returned non-zero exit status 1.
  File "/home/nsteen/scripts/T1D_analysis/workflow/Snakefile", line 269, in __rule_Preprocessing_01_py
  File "/home/nsteen/data/conda/envs/snakemake_cluster/lib/python3.10/concurrent/futures/thread.py", line 58, in run
Shutting down, this might take some time.
Exiting because a job execution failed. Look above for error message
